
*** Running vivado
    with args -log top_module.vds -m64 -product Vivado -mode batch -messageDb vivado.pb -notrace -source top_module.tcl


****** Vivado v2019.1 (64-bit)
  **** SW Build 2552052 on Fri May 24 14:49:42 MDT 2019
  **** IP Build 2548770 on Fri May 24 18:01:18 MDT 2019
    ** Copyright 1986-2019 Xilinx, Inc. All Rights Reserved.

source top_module.tcl -notrace
Command: synth_design -top top_module -part xc7a35tcpg236-1
Starting synth_design
Attempting to get a license for feature 'Synthesis' and/or device 'xc7a35t'
INFO: [Common 17-349] Got license for feature 'Synthesis' and/or device 'xc7a35t'
INFO: [Device 21-403] Loading part xc7a35tcpg236-1
INFO: Launching helper process for spawning children vivado processes
INFO: Helper process launched with PID 8292 
WARNING: [Synth 8-1102] /* in comment [C:/Users/scott/Desktop/Fall_Quarter/CSE100/Labs/lab5/lab5.srcs/sources_1/new/top_module.v:77]
---------------------------------------------------------------------------------
Starting RTL Elaboration : Time (s): cpu = 00:00:05 ; elapsed = 00:00:05 . Memory (MB): peak = 724.812 ; gain = 182.988
---------------------------------------------------------------------------------
INFO: [Synth 8-6157] synthesizing module 'top_module' [C:/Users/scott/Desktop/Fall_Quarter/CSE100/Labs/lab5/lab5.srcs/sources_1/new/top_module.v:23]
INFO: [Synth 8-6157] synthesizing module 'lab5_clks' [C:/Users/scott/Desktop/Fall_Quarter/CSE100/Labs/lab5/lab5.srcs/sources_1/imports/lab5/lab5_clks.v:24]
INFO: [Synth 8-6157] synthesizing module 'clk_wiz_0' [C:/Users/scott/Desktop/Fall_Quarter/CSE100/Labs/lab5/lab5.srcs/sources_1/imports/lab5/lab5_clks.v:57]
INFO: [Synth 8-6157] synthesizing module 'IBUF' [C:/Xilinx/Vivado/2019.1/scripts/rt/data/unisim_comp.v:32856]
	Parameter CAPACITANCE bound to: DONT_CARE - type: string 
	Parameter IBUF_DELAY_VALUE bound to: 0 - type: string 
	Parameter IBUF_LOW_PWR bound to: TRUE - type: string 
	Parameter IFD_DELAY_VALUE bound to: AUTO - type: string 
	Parameter IOSTANDARD bound to: DEFAULT - type: string 
INFO: [Synth 8-6155] done synthesizing module 'IBUF' (1#1) [C:/Xilinx/Vivado/2019.1/scripts/rt/data/unisim_comp.v:32856]
INFO: [Synth 8-6157] synthesizing module 'MMCME2_ADV' [C:/Xilinx/Vivado/2019.1/scripts/rt/data/unisim_comp.v:39813]
	Parameter BANDWIDTH bound to: OPTIMIZED - type: string 
	Parameter CLKFBOUT_MULT_F bound to: 9.125000 - type: float 
	Parameter CLKFBOUT_PHASE bound to: 0.000000 - type: float 
	Parameter CLKFBOUT_USE_FINE_PS bound to: FALSE - type: string 
	Parameter CLKIN1_PERIOD bound to: 10.000000 - type: float 
	Parameter CLKIN2_PERIOD bound to: 0.000000 - type: float 
	Parameter CLKOUT0_DIVIDE_F bound to: 36.500000 - type: float 
	Parameter CLKOUT0_DUTY_CYCLE bound to: 0.500000 - type: float 
	Parameter CLKOUT0_PHASE bound to: 0.000000 - type: float 
	Parameter CLKOUT0_USE_FINE_PS bound to: FALSE - type: string 
	Parameter CLKOUT1_DIVIDE bound to: 1 - type: integer 
	Parameter CLKOUT1_DUTY_CYCLE bound to: 0.500000 - type: float 
	Parameter CLKOUT1_PHASE bound to: 0.000000 - type: float 
	Parameter CLKOUT1_USE_FINE_PS bound to: FALSE - type: string 
	Parameter CLKOUT2_DIVIDE bound to: 1 - type: integer 
	Parameter CLKOUT2_DUTY_CYCLE bound to: 0.500000 - type: float 
	Parameter CLKOUT2_PHASE bound to: 0.000000 - type: float 
	Parameter CLKOUT2_USE_FINE_PS bound to: FALSE - type: string 
	Parameter CLKOUT3_DIVIDE bound to: 1 - type: integer 
	Parameter CLKOUT3_DUTY_CYCLE bound to: 0.500000 - type: float 
	Parameter CLKOUT3_PHASE bound to: 0.000000 - type: float 
	Parameter CLKOUT3_USE_FINE_PS bound to: FALSE - type: string 
	Parameter CLKOUT4_CASCADE bound to: FALSE - type: string 
	Parameter CLKOUT4_DIVIDE bound to: 1 - type: integer 
	Parameter CLKOUT4_DUTY_CYCLE bound to: 0.500000 - type: float 
	Parameter CLKOUT4_PHASE bound to: 0.000000 - type: float 
	Parameter CLKOUT4_USE_FINE_PS bound to: FALSE - type: string 
	Parameter CLKOUT5_DIVIDE bound to: 1 - type: integer 
	Parameter CLKOUT5_DUTY_CYCLE bound to: 0.500000 - type: float 
	Parameter CLKOUT5_PHASE bound to: 0.000000 - type: float 
	Parameter CLKOUT5_USE_FINE_PS bound to: FALSE - type: string 
	Parameter CLKOUT6_DIVIDE bound to: 1 - type: integer 
	Parameter CLKOUT6_DUTY_CYCLE bound to: 0.500000 - type: float 
	Parameter CLKOUT6_PHASE bound to: 0.000000 - type: float 
	Parameter CLKOUT6_USE_FINE_PS bound to: FALSE - type: string 
	Parameter COMPENSATION bound to: ZHOLD - type: string 
	Parameter DIVCLK_DIVIDE bound to: 1 - type: integer 
	Parameter IS_CLKINSEL_INVERTED bound to: 1'b0 
	Parameter IS_PSEN_INVERTED bound to: 1'b0 
	Parameter IS_PSINCDEC_INVERTED bound to: 1'b0 
	Parameter IS_PWRDWN_INVERTED bound to: 1'b0 
	Parameter IS_RST_INVERTED bound to: 1'b0 
	Parameter REF_JITTER1 bound to: 0.010000 - type: float 
	Parameter REF_JITTER2 bound to: 0.010000 - type: float 
	Parameter SS_EN bound to: FALSE - type: string 
	Parameter SS_MODE bound to: CENTER_HIGH - type: string 
	Parameter SS_MOD_PERIOD bound to: 10000 - type: integer 
	Parameter STARTUP_WAIT bound to: FALSE - type: string 
INFO: [Synth 8-6155] done synthesizing module 'MMCME2_ADV' (2#1) [C:/Xilinx/Vivado/2019.1/scripts/rt/data/unisim_comp.v:39813]
INFO: [Synth 8-6157] synthesizing module 'BUFG' [C:/Xilinx/Vivado/2019.1/scripts/rt/data/unisim_comp.v:1075]
INFO: [Synth 8-6155] done synthesizing module 'BUFG' (3#1) [C:/Xilinx/Vivado/2019.1/scripts/rt/data/unisim_comp.v:1075]
INFO: [Synth 8-6155] done synthesizing module 'clk_wiz_0' (4#1) [C:/Users/scott/Desktop/Fall_Quarter/CSE100/Labs/lab5/lab5.srcs/sources_1/imports/lab5/lab5_clks.v:57]
INFO: [Synth 8-6157] synthesizing module 'clkcntrl4' [C:/Users/scott/Desktop/Fall_Quarter/CSE100/Labs/lab5/lab5.srcs/sources_1/imports/lab5/lab5_clks.v:190]
INFO: [Synth 8-6157] synthesizing module 'GND' [C:/Xilinx/Vivado/2019.1/scripts/rt/data/unisim_comp.v:14643]
INFO: [Synth 8-6155] done synthesizing module 'GND' (5#1) [C:/Xilinx/Vivado/2019.1/scripts/rt/data/unisim_comp.v:14643]
INFO: [Synth 8-6157] synthesizing module 'CB4CE_MXILINX_clkcntrl4' [C:/Users/scott/Desktop/Fall_Quarter/CSE100/Labs/lab5/lab5.srcs/sources_1/imports/lab5/lab5_clks.v:328]
INFO: [Synth 8-6157] synthesizing module 'FTCE_MXILINX_clkcntrl4' [C:/Users/scott/Desktop/Fall_Quarter/CSE100/Labs/lab5/lab5.srcs/sources_1/imports/lab5/lab5_clks.v:298]
	Parameter INIT bound to: 1'b0 
INFO: [Synth 8-6157] synthesizing module 'XOR2' [C:/Xilinx/Vivado/2019.1/scripts/rt/data/unisim_comp.v:81988]
INFO: [Synth 8-6155] done synthesizing module 'XOR2' (6#1) [C:/Xilinx/Vivado/2019.1/scripts/rt/data/unisim_comp.v:81988]
INFO: [Synth 8-6157] synthesizing module 'FDCE' [C:/Xilinx/Vivado/2019.1/scripts/rt/data/unisim_comp.v:13448]
	Parameter INIT bound to: 1'b0 
	Parameter IS_CLR_INVERTED bound to: 1'b0 
	Parameter IS_C_INVERTED bound to: 1'b0 
	Parameter IS_D_INVERTED bound to: 1'b0 
INFO: [Synth 8-6155] done synthesizing module 'FDCE' (7#1) [C:/Xilinx/Vivado/2019.1/scripts/rt/data/unisim_comp.v:13448]
INFO: [Synth 8-6155] done synthesizing module 'FTCE_MXILINX_clkcntrl4' (8#1) [C:/Users/scott/Desktop/Fall_Quarter/CSE100/Labs/lab5/lab5.srcs/sources_1/imports/lab5/lab5_clks.v:298]
INFO: [Synth 8-6157] synthesizing module 'AND4' [C:/Xilinx/Vivado/2019.1/scripts/rt/data/unisim_comp.v:562]
INFO: [Synth 8-6155] done synthesizing module 'AND4' (9#1) [C:/Xilinx/Vivado/2019.1/scripts/rt/data/unisim_comp.v:562]
INFO: [Synth 8-6157] synthesizing module 'AND3' [C:/Xilinx/Vivado/2019.1/scripts/rt/data/unisim_comp.v:514]
INFO: [Synth 8-6155] done synthesizing module 'AND3' (10#1) [C:/Xilinx/Vivado/2019.1/scripts/rt/data/unisim_comp.v:514]
INFO: [Synth 8-6157] synthesizing module 'AND2' [C:/Xilinx/Vivado/2019.1/scripts/rt/data/unisim_comp.v:466]
INFO: [Synth 8-6155] done synthesizing module 'AND2' (11#1) [C:/Xilinx/Vivado/2019.1/scripts/rt/data/unisim_comp.v:466]
INFO: [Synth 8-6157] synthesizing module 'VCC' [C:/Xilinx/Vivado/2019.1/scripts/rt/data/unisim_comp.v:81391]
INFO: [Synth 8-6155] done synthesizing module 'VCC' (12#1) [C:/Xilinx/Vivado/2019.1/scripts/rt/data/unisim_comp.v:81391]
INFO: [Synth 8-6155] done synthesizing module 'CB4CE_MXILINX_clkcntrl4' (13#1) [C:/Users/scott/Desktop/Fall_Quarter/CSE100/Labs/lab5/lab5.srcs/sources_1/imports/lab5/lab5_clks.v:328]
INFO: [Synth 8-6157] synthesizing module 'BUF' [C:/Xilinx/Vivado/2019.1/scripts/rt/data/unisim_comp.v:1021]
INFO: [Synth 8-6155] done synthesizing module 'BUF' (14#1) [C:/Xilinx/Vivado/2019.1/scripts/rt/data/unisim_comp.v:1021]
INFO: [Synth 8-6155] done synthesizing module 'clkcntrl4' (15#1) [C:/Users/scott/Desktop/Fall_Quarter/CSE100/Labs/lab5/lab5.srcs/sources_1/imports/lab5/lab5_clks.v:190]
WARNING: [Synth 8-4446] all outputs are unconnected for this instance and logic may be removed [C:/Users/scott/Desktop/Fall_Quarter/CSE100/Labs/lab5/lab5.srcs/sources_1/imports/lab5/lab5_clks.v:40]
INFO: [Synth 8-6157] synthesizing module 'STARTUPE2' [C:/Xilinx/Vivado/2019.1/scripts/rt/data/unisim_comp.v:77870]
	Parameter PROG_USR bound to: FALSE - type: string 
	Parameter SIM_CCLK_FREQ bound to: 0.000000 - type: float 
INFO: [Synth 8-6155] done synthesizing module 'STARTUPE2' (16#1) [C:/Xilinx/Vivado/2019.1/scripts/rt/data/unisim_comp.v:77870]
INFO: [Synth 8-6155] done synthesizing module 'lab5_clks' (17#1) [C:/Users/scott/Desktop/Fall_Quarter/CSE100/Labs/lab5/lab5.srcs/sources_1/imports/lab5/lab5_clks.v:24]
WARNING: [Synth 8-7023] instance 'slowit' of module 'lab5_clks' has 6 connections declared, but only 5 given [C:/Users/scott/Desktop/Fall_Quarter/CSE100/Labs/lab5/lab5.srcs/sources_1/new/top_module.v:100]
INFO: [Synth 8-6157] synthesizing module 'state_machine_module' [C:/Users/scott/Desktop/Fall_Quarter/CSE100/Labs/lab5/lab5.srcs/sources_1/new/state_machine_module.v:23]
INFO: [Synth 8-6157] synthesizing module 'FDRE' [C:/Xilinx/Vivado/2019.1/scripts/rt/data/unisim_comp.v:13664]
	Parameter INIT bound to: 1'b1 
	Parameter IS_C_INVERTED bound to: 1'b0 
	Parameter IS_D_INVERTED bound to: 1'b0 
	Parameter IS_R_INVERTED bound to: 1'b0 
INFO: [Synth 8-6155] done synthesizing module 'FDRE' (18#1) [C:/Xilinx/Vivado/2019.1/scripts/rt/data/unisim_comp.v:13664]
WARNING: [Synth 8-7023] instance 'Q0_FF' of module 'FDRE' has 5 connections declared, but only 4 given [C:/Users/scott/Desktop/Fall_Quarter/CSE100/Labs/lab5/lab5.srcs/sources_1/new/state_machine_module.v:50]
INFO: [Synth 8-6157] synthesizing module 'FDRE__parameterized0' [C:/Xilinx/Vivado/2019.1/scripts/rt/data/unisim_comp.v:13664]
	Parameter INIT bound to: 1'b0 
	Parameter IS_C_INVERTED bound to: 1'b0 
	Parameter IS_D_INVERTED bound to: 1'b0 
	Parameter IS_R_INVERTED bound to: 1'b0 
INFO: [Synth 8-6155] done synthesizing module 'FDRE__parameterized0' (18#1) [C:/Xilinx/Vivado/2019.1/scripts/rt/data/unisim_comp.v:13664]
WARNING: [Synth 8-7023] instance 'Q1_FF' of module 'FDRE' has 5 connections declared, but only 4 given [C:/Users/scott/Desktop/Fall_Quarter/CSE100/Labs/lab5/lab5.srcs/sources_1/new/state_machine_module.v:51]
WARNING: [Synth 8-7023] instance 'Q2_FF' of module 'FDRE' has 5 connections declared, but only 4 given [C:/Users/scott/Desktop/Fall_Quarter/CSE100/Labs/lab5/lab5.srcs/sources_1/new/state_machine_module.v:52]
WARNING: [Synth 8-7023] instance 'Q3_FF' of module 'FDRE' has 5 connections declared, but only 4 given [C:/Users/scott/Desktop/Fall_Quarter/CSE100/Labs/lab5/lab5.srcs/sources_1/new/state_machine_module.v:53]
WARNING: [Synth 8-7023] instance 'Q4_FF' of module 'FDRE' has 5 connections declared, but only 4 given [C:/Users/scott/Desktop/Fall_Quarter/CSE100/Labs/lab5/lab5.srcs/sources_1/new/state_machine_module.v:54]
INFO: [Synth 8-6155] done synthesizing module 'state_machine_module' (19#1) [C:/Users/scott/Desktop/Fall_Quarter/CSE100/Labs/lab5/lab5.srcs/sources_1/new/state_machine_module.v:23]
WARNING: [Synth 8-7023] instance 'states' of module 'state_machine_module' has 14 connections declared, but only 13 given [C:/Users/scott/Desktop/Fall_Quarter/CSE100/Labs/lab5/lab5.srcs/sources_1/new/top_module.v:102]
INFO: [Synth 8-6157] synthesizing module 'rng_module' [C:/Users/scott/Desktop/Fall_Quarter/CSE100/Labs/lab5/lab5.srcs/sources_1/new/rng_module.v:23]
WARNING: [Synth 8-7023] instance 'Q0_FF' of module 'FDRE' has 5 connections declared, but only 4 given [C:/Users/scott/Desktop/Fall_Quarter/CSE100/Labs/lab5/lab5.srcs/sources_1/new/rng_module.v:31]
WARNING: [Synth 8-7023] instance 'Q1_FF' of module 'FDRE' has 5 connections declared, but only 4 given [C:/Users/scott/Desktop/Fall_Quarter/CSE100/Labs/lab5/lab5.srcs/sources_1/new/rng_module.v:32]
WARNING: [Synth 8-7023] instance 'Q2_FF' of module 'FDRE' has 5 connections declared, but only 4 given [C:/Users/scott/Desktop/Fall_Quarter/CSE100/Labs/lab5/lab5.srcs/sources_1/new/rng_module.v:33]
WARNING: [Synth 8-7023] instance 'Q3_FF' of module 'FDRE' has 5 connections declared, but only 4 given [C:/Users/scott/Desktop/Fall_Quarter/CSE100/Labs/lab5/lab5.srcs/sources_1/new/rng_module.v:34]
WARNING: [Synth 8-7023] instance 'Q4_FF' of module 'FDRE' has 5 connections declared, but only 4 given [C:/Users/scott/Desktop/Fall_Quarter/CSE100/Labs/lab5/lab5.srcs/sources_1/new/rng_module.v:35]
WARNING: [Synth 8-7023] instance 'Q5_FF' of module 'FDRE' has 5 connections declared, but only 4 given [C:/Users/scott/Desktop/Fall_Quarter/CSE100/Labs/lab5/lab5.srcs/sources_1/new/rng_module.v:36]
INFO: [Synth 8-6155] done synthesizing module 'rng_module' (20#1) [C:/Users/scott/Desktop/Fall_Quarter/CSE100/Labs/lab5/lab5.srcs/sources_1/new/rng_module.v:23]
INFO: [Synth 8-6157] synthesizing module 'store_module' [C:/Users/scott/Desktop/Fall_Quarter/CSE100/Labs/lab5/lab5.srcs/sources_1/new/store_module.v:23]
WARNING: [Synth 8-7023] instance 'Q0_FF' of module 'FDRE' has 5 connections declared, but only 4 given [C:/Users/scott/Desktop/Fall_Quarter/CSE100/Labs/lab5/lab5.srcs/sources_1/new/store_module.v:32]
WARNING: [Synth 8-7023] instance 'Q1_FF' of module 'FDRE' has 5 connections declared, but only 4 given [C:/Users/scott/Desktop/Fall_Quarter/CSE100/Labs/lab5/lab5.srcs/sources_1/new/store_module.v:33]
WARNING: [Synth 8-7023] instance 'Q2_FF' of module 'FDRE' has 5 connections declared, but only 4 given [C:/Users/scott/Desktop/Fall_Quarter/CSE100/Labs/lab5/lab5.srcs/sources_1/new/store_module.v:34]
WARNING: [Synth 8-7023] instance 'Q3_FF' of module 'FDRE' has 5 connections declared, but only 4 given [C:/Users/scott/Desktop/Fall_Quarter/CSE100/Labs/lab5/lab5.srcs/sources_1/new/store_module.v:35]
WARNING: [Synth 8-7023] instance 'Q4_FF' of module 'FDRE' has 5 connections declared, but only 4 given [C:/Users/scott/Desktop/Fall_Quarter/CSE100/Labs/lab5/lab5.srcs/sources_1/new/store_module.v:36]
WARNING: [Synth 8-7023] instance 'Q5_FF' of module 'FDRE' has 5 connections declared, but only 4 given [C:/Users/scott/Desktop/Fall_Quarter/CSE100/Labs/lab5/lab5.srcs/sources_1/new/store_module.v:37]
WARNING: [Synth 8-7023] instance 'Q6_FF' of module 'FDRE' has 5 connections declared, but only 4 given [C:/Users/scott/Desktop/Fall_Quarter/CSE100/Labs/lab5/lab5.srcs/sources_1/new/store_module.v:38]
WARNING: [Synth 8-7023] instance 'Q7_FF' of module 'FDRE' has 5 connections declared, but only 4 given [C:/Users/scott/Desktop/Fall_Quarter/CSE100/Labs/lab5/lab5.srcs/sources_1/new/store_module.v:39]
INFO: [Synth 8-6155] done synthesizing module 'store_module' (21#1) [C:/Users/scott/Desktop/Fall_Quarter/CSE100/Labs/lab5/lab5.srcs/sources_1/new/store_module.v:23]
INFO: [Synth 8-6157] synthesizing module 'game_counter_module' [C:/Users/scott/Desktop/Fall_Quarter/CSE100/Labs/lab5/lab5.srcs/sources_1/new/game_counter_module.v:23]
INFO: [Synth 8-6155] done synthesizing module 'game_counter_module' (22#1) [C:/Users/scott/Desktop/Fall_Quarter/CSE100/Labs/lab5/lab5.srcs/sources_1/new/game_counter_module.v:23]
INFO: [Synth 8-6157] synthesizing module 'time_counter_module' [C:/Users/scott/Desktop/Fall_Quarter/CSE100/Labs/lab5/lab5.srcs/sources_1/new/time_counter_module.v:23]
WARNING: [Synth 8-324] index 6 out of range [C:/Users/scott/Desktop/Fall_Quarter/CSE100/Labs/lab5/lab5.srcs/sources_1/new/time_counter_module.v:44]
WARNING: [Synth 8-324] index 7 out of range [C:/Users/scott/Desktop/Fall_Quarter/CSE100/Labs/lab5/lab5.srcs/sources_1/new/time_counter_module.v:45]
INFO: [Synth 8-6155] done synthesizing module 'time_counter_module' (23#1) [C:/Users/scott/Desktop/Fall_Quarter/CSE100/Labs/lab5/lab5.srcs/sources_1/new/time_counter_module.v:23]
INFO: [Synth 8-6157] synthesizing module 'led_shift_module' [C:/Users/scott/Desktop/Fall_Quarter/CSE100/Labs/lab5/lab5.srcs/sources_1/new/led_shift_module.v:23]
WARNING: [Synth 8-7023] instance 'Q0_FF' of module 'FDRE' has 5 connections declared, but only 4 given [C:/Users/scott/Desktop/Fall_Quarter/CSE100/Labs/lab5/lab5.srcs/sources_1/new/led_shift_module.v:30]
WARNING: [Synth 8-7023] instance 'Q1_FF' of module 'FDRE' has 5 connections declared, but only 4 given [C:/Users/scott/Desktop/Fall_Quarter/CSE100/Labs/lab5/lab5.srcs/sources_1/new/led_shift_module.v:31]
WARNING: [Synth 8-7023] instance 'Q2_FF' of module 'FDRE' has 5 connections declared, but only 4 given [C:/Users/scott/Desktop/Fall_Quarter/CSE100/Labs/lab5/lab5.srcs/sources_1/new/led_shift_module.v:32]
WARNING: [Synth 8-7023] instance 'Q3_FF' of module 'FDRE' has 5 connections declared, but only 4 given [C:/Users/scott/Desktop/Fall_Quarter/CSE100/Labs/lab5/lab5.srcs/sources_1/new/led_shift_module.v:33]
WARNING: [Synth 8-7023] instance 'Q4_FF' of module 'FDRE' has 5 connections declared, but only 4 given [C:/Users/scott/Desktop/Fall_Quarter/CSE100/Labs/lab5/lab5.srcs/sources_1/new/led_shift_module.v:34]
WARNING: [Synth 8-7023] instance 'Q5_FF' of module 'FDRE' has 5 connections declared, but only 4 given [C:/Users/scott/Desktop/Fall_Quarter/CSE100/Labs/lab5/lab5.srcs/sources_1/new/led_shift_module.v:35]
WARNING: [Synth 8-7023] instance 'Q6_FF' of module 'FDRE' has 5 connections declared, but only 4 given [C:/Users/scott/Desktop/Fall_Quarter/CSE100/Labs/lab5/lab5.srcs/sources_1/new/led_shift_module.v:36]
WARNING: [Synth 8-7023] instance 'Q7_FF' of module 'FDRE' has 5 connections declared, but only 4 given [C:/Users/scott/Desktop/Fall_Quarter/CSE100/Labs/lab5/lab5.srcs/sources_1/new/led_shift_module.v:37]
WARNING: [Synth 8-7023] instance 'Q8_FF' of module 'FDRE' has 5 connections declared, but only 4 given [C:/Users/scott/Desktop/Fall_Quarter/CSE100/Labs/lab5/lab5.srcs/sources_1/new/led_shift_module.v:38]
WARNING: [Synth 8-7023] instance 'Q9_FF' of module 'FDRE' has 5 connections declared, but only 4 given [C:/Users/scott/Desktop/Fall_Quarter/CSE100/Labs/lab5/lab5.srcs/sources_1/new/led_shift_module.v:39]
WARNING: [Synth 8-7023] instance 'Q10_FF' of module 'FDRE' has 5 connections declared, but only 4 given [C:/Users/scott/Desktop/Fall_Quarter/CSE100/Labs/lab5/lab5.srcs/sources_1/new/led_shift_module.v:40]
WARNING: [Synth 8-7023] instance 'Q11_FF' of module 'FDRE' has 5 connections declared, but only 4 given [C:/Users/scott/Desktop/Fall_Quarter/CSE100/Labs/lab5/lab5.srcs/sources_1/new/led_shift_module.v:41]
WARNING: [Synth 8-7023] instance 'Q12_FF' of module 'FDRE' has 5 connections declared, but only 4 given [C:/Users/scott/Desktop/Fall_Quarter/CSE100/Labs/lab5/lab5.srcs/sources_1/new/led_shift_module.v:42]
WARNING: [Synth 8-7023] instance 'Q13_FF' of module 'FDRE' has 5 connections declared, but only 4 given [C:/Users/scott/Desktop/Fall_Quarter/CSE100/Labs/lab5/lab5.srcs/sources_1/new/led_shift_module.v:43]
WARNING: [Synth 8-7023] instance 'Q14_FF' of module 'FDRE' has 5 connections declared, but only 4 given [C:/Users/scott/Desktop/Fall_Quarter/CSE100/Labs/lab5/lab5.srcs/sources_1/new/led_shift_module.v:44]
INFO: [Synth 8-6155] done synthesizing module 'led_shift_module' (24#1) [C:/Users/scott/Desktop/Fall_Quarter/CSE100/Labs/lab5/lab5.srcs/sources_1/new/led_shift_module.v:23]
WARNING: [Synth 8-689] width (16) of port connection 'Q' does not match port width (15) of module 'led_shift_module' [C:/Users/scott/Desktop/Fall_Quarter/CSE100/Labs/lab5/lab5.srcs/sources_1/new/top_module.v:113]
INFO: [Synth 8-6157] synthesizing module 'ring_counter_module' [C:/Users/scott/Desktop/Fall_Quarter/CSE100/Labs/lab5/lab5.srcs/sources_1/new/ring_counter_module.v:23]
WARNING: [Synth 8-7023] instance 'Q0_FF' of module 'FDRE' has 5 connections declared, but only 4 given [C:/Users/scott/Desktop/Fall_Quarter/CSE100/Labs/lab5/lab5.srcs/sources_1/new/ring_counter_module.v:29]
WARNING: [Synth 8-7023] instance 'Q1_FF' of module 'FDRE' has 5 connections declared, but only 4 given [C:/Users/scott/Desktop/Fall_Quarter/CSE100/Labs/lab5/lab5.srcs/sources_1/new/ring_counter_module.v:30]
WARNING: [Synth 8-7023] instance 'Q2_FF' of module 'FDRE' has 5 connections declared, but only 4 given [C:/Users/scott/Desktop/Fall_Quarter/CSE100/Labs/lab5/lab5.srcs/sources_1/new/ring_counter_module.v:31]
WARNING: [Synth 8-7023] instance 'Q3_FF' of module 'FDRE' has 5 connections declared, but only 4 given [C:/Users/scott/Desktop/Fall_Quarter/CSE100/Labs/lab5/lab5.srcs/sources_1/new/ring_counter_module.v:32]
INFO: [Synth 8-6155] done synthesizing module 'ring_counter_module' (25#1) [C:/Users/scott/Desktop/Fall_Quarter/CSE100/Labs/lab5/lab5.srcs/sources_1/new/ring_counter_module.v:23]
INFO: [Synth 8-6157] synthesizing module 'selector' [C:/Users/scott/Desktop/Fall_Quarter/CSE100/Labs/lab5/lab5.srcs/sources_1/new/selector.v:23]
INFO: [Synth 8-6155] done synthesizing module 'selector' (26#1) [C:/Users/scott/Desktop/Fall_Quarter/CSE100/Labs/lab5/lab5.srcs/sources_1/new/selector.v:23]
INFO: [Synth 8-6157] synthesizing module 'hex7seg' [C:/Users/scott/Desktop/Fall_Quarter/CSE100/Labs/lab5/lab5.srcs/sources_1/new/hex7seg.v:24]
INFO: [Synth 8-6157] synthesizing module 'm8_1' [C:/Users/scott/Desktop/Fall_Quarter/CSE100/Labs/lab5/lab5.srcs/sources_1/new/m8_1.v:23]
INFO: [Synth 8-6155] done synthesizing module 'm8_1' (27#1) [C:/Users/scott/Desktop/Fall_Quarter/CSE100/Labs/lab5/lab5.srcs/sources_1/new/m8_1.v:23]
INFO: [Synth 8-6155] done synthesizing module 'hex7seg' (28#1) [C:/Users/scott/Desktop/Fall_Quarter/CSE100/Labs/lab5/lab5.srcs/sources_1/new/hex7seg.v:24]
INFO: [Synth 8-6157] synthesizing module 'flash_module' [C:/Users/scott/Desktop/Fall_Quarter/CSE100/Labs/lab5/lab5.srcs/sources_1/new/flash_module.v:23]
WARNING: [Synth 8-7023] instance 'Q0_FF' of module 'FDRE' has 5 connections declared, but only 4 given [C:/Users/scott/Desktop/Fall_Quarter/CSE100/Labs/lab5/lab5.srcs/sources_1/new/flash_module.v:30]
INFO: [Synth 8-6155] done synthesizing module 'flash_module' (29#1) [C:/Users/scott/Desktop/Fall_Quarter/CSE100/Labs/lab5/lab5.srcs/sources_1/new/flash_module.v:23]
INFO: [Synth 8-6155] done synthesizing module 'top_module' (30#1) [C:/Users/scott/Desktop/Fall_Quarter/CSE100/Labs/lab5/lab5.srcs/sources_1/new/top_module.v:23]
WARNING: [Synth 8-3917] design top_module has port led[15] driven by constant 0
WARNING: [Synth 8-3917] design top_module has port dp driven by constant 1
WARNING: [Synth 8-3331] design ring_counter_module has unconnected port Advance
---------------------------------------------------------------------------------
Finished RTL Elaboration : Time (s): cpu = 00:00:06 ; elapsed = 00:00:06 . Memory (MB): peak = 763.902 ; gain = 222.078
---------------------------------------------------------------------------------

Report Check Netlist: 
+------+------------------+-------+---------+-------+------------------+
|      |Item              |Errors |Warnings |Status |Description       |
+------+------------------+-------+---------+-------+------------------+
|1     |multi_driven_nets |      0|        0|Passed |Multi driven nets |
+------+------------------+-------+---------+-------+------------------+
---------------------------------------------------------------------------------
Start Handling Custom Attributes
---------------------------------------------------------------------------------
---------------------------------------------------------------------------------
Finished Handling Custom Attributes : Time (s): cpu = 00:00:06 ; elapsed = 00:00:07 . Memory (MB): peak = 763.902 ; gain = 222.078
---------------------------------------------------------------------------------
---------------------------------------------------------------------------------
Finished RTL Optimization Phase 1 : Time (s): cpu = 00:00:06 ; elapsed = 00:00:07 . Memory (MB): peak = 763.902 ; gain = 222.078
---------------------------------------------------------------------------------
INFO: [Netlist 29-17] Analyzing 54 Unisim elements for replacement
INFO: [Netlist 29-28] Unisim Transformation completed in 0 CPU seconds
INFO: [Project 1-570] Preparing netlist for logic optimization

Processing XDC Constraints
Initializing timing engine
Parsing XDC File [C:/Users/scott/Desktop/Fall_Quarter/CSE100/Labs/lab5/lab5.srcs/constrs_1/imports/CSE100/Basys3_Master.xdc]
Finished Parsing XDC File [C:/Users/scott/Desktop/Fall_Quarter/CSE100/Labs/lab5/lab5.srcs/constrs_1/imports/CSE100/Basys3_Master.xdc]
INFO: [Project 1-236] Implementation specific constraints were found while reading constraint file [C:/Users/scott/Desktop/Fall_Quarter/CSE100/Labs/lab5/lab5.srcs/constrs_1/imports/CSE100/Basys3_Master.xdc]. These constraints will be ignored for synthesis but will be used in implementation. Impacted constraints are listed in the file [.Xil/top_module_propImpl.xdc].
Resolution: To avoid this warning, move constraints listed in [.Xil/top_module_propImpl.xdc] to another XDC file and exclude this new file from synthesis with the used_in_synthesis property (File Properties dialog in GUI) and re-run elaboration/synthesis.
INFO: [Timing 38-2] Deriving generated clocks
Completed Processing XDC Constraints

Netlist sorting complete. Time (s): cpu = 00:00:00 ; elapsed = 00:00:00.001 . Memory (MB): peak = 910.316 ; gain = 0.000
INFO: [Project 1-111] Unisim Transformation Summary:
  A total of 52 instances were transformed.
  AND2 => LUT2: 12 instances
  AND3 => LUT3: 7 instances
  AND4 => LUT4: 6 instances
  BUF => LUT1: 3 instances
  XOR2 => LUT2: 24 instances

Constraint Validation Runtime : Time (s): cpu = 00:00:00 ; elapsed = 00:00:00.006 . Memory (MB): peak = 910.316 ; gain = 0.000
---------------------------------------------------------------------------------
Finished Constraint Validation : Time (s): cpu = 00:00:13 ; elapsed = 00:00:14 . Memory (MB): peak = 910.316 ; gain = 368.492
---------------------------------------------------------------------------------
---------------------------------------------------------------------------------
Start Loading Part and Timing Information
---------------------------------------------------------------------------------
Loading part: xc7a35tcpg236-1
---------------------------------------------------------------------------------
Finished Loading Part and Timing Information : Time (s): cpu = 00:00:13 ; elapsed = 00:00:14 . Memory (MB): peak = 910.316 ; gain = 368.492
---------------------------------------------------------------------------------
---------------------------------------------------------------------------------
Start Applying 'set_property' XDC Constraints
---------------------------------------------------------------------------------
---------------------------------------------------------------------------------
Finished applying 'set_property' XDC Constraints : Time (s): cpu = 00:00:14 ; elapsed = 00:00:14 . Memory (MB): peak = 910.316 ; gain = 368.492
---------------------------------------------------------------------------------
---------------------------------------------------------------------------------
Finished RTL Optimization Phase 2 : Time (s): cpu = 00:00:14 ; elapsed = 00:00:15 . Memory (MB): peak = 910.316 ; gain = 368.492
---------------------------------------------------------------------------------

Report RTL Partitions: 
+-+--------------+------------+----------+
| |RTL Partition |Replication |Instances |
+-+--------------+------------+----------+
+-+--------------+------------+----------+
---------------------------------------------------------------------------------
Start RTL Component Statistics 
---------------------------------------------------------------------------------
Detailed RTL Component Info : 
+---XORs : 
	   2 Input      1 Bit         XORs := 13    
---------------------------------------------------------------------------------
Finished RTL Component Statistics 
---------------------------------------------------------------------------------
---------------------------------------------------------------------------------
Start RTL Hierarchical Component Statistics 
---------------------------------------------------------------------------------
Hierarchical RTL Component report 
Module rng_module 
Detailed RTL Component Info : 
+---XORs : 
	   2 Input      1 Bit         XORs := 1     
Module game_counter_module 
Detailed RTL Component Info : 
+---XORs : 
	   2 Input      1 Bit         XORs := 6     
Module time_counter_module 
Detailed RTL Component Info : 
+---XORs : 
	   2 Input      1 Bit         XORs := 6     
---------------------------------------------------------------------------------
Finished RTL Hierarchical Component Statistics
---------------------------------------------------------------------------------
---------------------------------------------------------------------------------
Start Part Resource Summary
---------------------------------------------------------------------------------
Part Resources:
DSPs: 90 (col length:60)
BRAMs: 100 (col length: RAMB18 60 RAMB36 30)
---------------------------------------------------------------------------------
Finished Part Resource Summary
---------------------------------------------------------------------------------
---------------------------------------------------------------------------------
Start Cross Boundary and Area Optimization
---------------------------------------------------------------------------------
Warning: Parallel synthesis criteria is not met 
WARNING: [Synth 8-3917] design top_module has port led[15] driven by constant 0
WARNING: [Synth 8-3917] design top_module has port dp driven by constant 1
INFO: [Synth 8-3333] propagating constant 0 across sequential element (\stores/Q7_FF )
INFO: [Synth 8-3333] propagating constant 0 across sequential element (\stores/Q6_FF )
WARNING: [Synth 8-3332] Sequential element (slowit/slowclk/XLXI_44/I_Q2/I_36_35) is unused and will be removed from module top_module.
WARNING: [Synth 8-3332] Sequential element (slowit/slowclk/XLXI_44/I_Q3/I_36_35) is unused and will be removed from module top_module.
WARNING: [Synth 8-3332] Sequential element (stores/Q6_FF) is unused and will be removed from module top_module.
WARNING: [Synth 8-3332] Sequential element (stores/Q7_FF) is unused and will be removed from module top_module.
---------------------------------------------------------------------------------
Finished Cross Boundary and Area Optimization : Time (s): cpu = 00:00:16 ; elapsed = 00:00:17 . Memory (MB): peak = 910.316 ; gain = 368.492
---------------------------------------------------------------------------------

Report RTL Partitions: 
+-+--------------+------------+----------+
| |RTL Partition |Replication |Instances |
+-+--------------+------------+----------+
+-+--------------+------------+----------+
---------------------------------------------------------------------------------
Start Applying XDC Timing Constraints
---------------------------------------------------------------------------------
---------------------------------------------------------------------------------
Finished Applying XDC Timing Constraints : Time (s): cpu = 00:00:27 ; elapsed = 00:00:30 . Memory (MB): peak = 910.316 ; gain = 368.492
---------------------------------------------------------------------------------
---------------------------------------------------------------------------------
Start Timing Optimization
---------------------------------------------------------------------------------
---------------------------------------------------------------------------------
Finished Timing Optimization : Time (s): cpu = 00:00:27 ; elapsed = 00:00:30 . Memory (MB): peak = 910.316 ; gain = 368.492
---------------------------------------------------------------------------------

Report RTL Partitions: 
+-+--------------+------------+----------+
| |RTL Partition |Replication |Instances |
+-+--------------+------------+----------+
+-+--------------+------------+----------+
---------------------------------------------------------------------------------
Start Technology Mapping
---------------------------------------------------------------------------------
---------------------------------------------------------------------------------
Finished Technology Mapping : Time (s): cpu = 00:00:27 ; elapsed = 00:00:30 . Memory (MB): peak = 910.316 ; gain = 368.492
---------------------------------------------------------------------------------

Report RTL Partitions: 
+-+--------------+------------+----------+
| |RTL Partition |Replication |Instances |
+-+--------------+------------+----------+
+-+--------------+------------+----------+
---------------------------------------------------------------------------------
Start IO Insertion
---------------------------------------------------------------------------------
---------------------------------------------------------------------------------
Start Flattening Before IO Insertion
---------------------------------------------------------------------------------
---------------------------------------------------------------------------------
Finished Flattening Before IO Insertion
---------------------------------------------------------------------------------
---------------------------------------------------------------------------------
Start Final Netlist Cleanup
---------------------------------------------------------------------------------
---------------------------------------------------------------------------------
Finished Final Netlist Cleanup
---------------------------------------------------------------------------------
---------------------------------------------------------------------------------
Finished IO Insertion : Time (s): cpu = 00:00:31 ; elapsed = 00:00:34 . Memory (MB): peak = 910.316 ; gain = 368.492
---------------------------------------------------------------------------------

Report Check Netlist: 
+------+------------------+-------+---------+-------+------------------+
|      |Item              |Errors |Warnings |Status |Description       |
+------+------------------+-------+---------+-------+------------------+
|1     |multi_driven_nets |      0|        0|Passed |Multi driven nets |
+------+------------------+-------+---------+-------+------------------+
---------------------------------------------------------------------------------
Start Renaming Generated Instances
---------------------------------------------------------------------------------
---------------------------------------------------------------------------------
Finished Renaming Generated Instances : Time (s): cpu = 00:00:31 ; elapsed = 00:00:34 . Memory (MB): peak = 910.316 ; gain = 368.492
---------------------------------------------------------------------------------

Report RTL Partitions: 
+-+--------------+------------+----------+
| |RTL Partition |Replication |Instances |
+-+--------------+------------+----------+
+-+--------------+------------+----------+
---------------------------------------------------------------------------------
Start Rebuilding User Hierarchy
---------------------------------------------------------------------------------
---------------------------------------------------------------------------------
Finished Rebuilding User Hierarchy : Time (s): cpu = 00:00:31 ; elapsed = 00:00:34 . Memory (MB): peak = 910.316 ; gain = 368.492
---------------------------------------------------------------------------------
---------------------------------------------------------------------------------
Start Renaming Generated Ports
---------------------------------------------------------------------------------
---------------------------------------------------------------------------------
Finished Renaming Generated Ports : Time (s): cpu = 00:00:31 ; elapsed = 00:00:34 . Memory (MB): peak = 910.316 ; gain = 368.492
---------------------------------------------------------------------------------
---------------------------------------------------------------------------------
Start Handling Custom Attributes
---------------------------------------------------------------------------------
---------------------------------------------------------------------------------
Finished Handling Custom Attributes : Time (s): cpu = 00:00:31 ; elapsed = 00:00:34 . Memory (MB): peak = 910.316 ; gain = 368.492
---------------------------------------------------------------------------------
---------------------------------------------------------------------------------
Start Renaming Generated Nets
---------------------------------------------------------------------------------
---------------------------------------------------------------------------------
Finished Renaming Generated Nets : Time (s): cpu = 00:00:31 ; elapsed = 00:00:35 . Memory (MB): peak = 910.316 ; gain = 368.492
---------------------------------------------------------------------------------
---------------------------------------------------------------------------------
Start Writing Synthesis Report
---------------------------------------------------------------------------------

Report BlackBoxes: 
+-+--------------+----------+
| |BlackBox name |Instances |
+-+--------------+----------+
+-+--------------+----------+

Report Cell Usage: 
+------+-----------+------+
|      |Cell       |Count |
+------+-----------+------+
|1     |AND2       |     9|
|2     |AND3       |     6|
|3     |AND4       |     4|
|4     |BUF        |     2|
|5     |BUFG       |     3|
|6     |LUT1       |     1|
|7     |LUT2       |     4|
|8     |LUT3       |     6|
|9     |LUT4       |     3|
|10    |LUT5       |     9|
|11    |LUT6       |    25|
|12    |MMCME2_ADV |     1|
|13    |STARTUPE2  |     1|
|14    |XOR2       |    22|
|15    |FDCE       |    22|
|16    |FDRE       |    51|
|17    |IBUF       |     4|
|18    |OBUF       |    28|
+------+-----------+------+

Report Instance Areas: 
+------+----------------+--------------------------+------+
|      |Instance        |Module                    |Cells |
+------+----------------+--------------------------+------+
|1     |top             |                          |   201|
|2     |  RCMod         |ring_counter_module       |    21|
|3     |  flash         |flash_module              |     2|
|4     |  gameCount     |game_counter_module       |    12|
|5     |  ledMod        |led_shift_module          |    15|
|6     |  randNum       |rng_module                |     7|
|7     |  slowit        |lab5_clks                 |    73|
|8     |    my_clk_inst |clk_wiz_0                 |     4|
|9     |    slowclk     |clkcntrl4                 |    68|
|10    |      XLXI_37   |CB4CE_MXILINX_clkcntrl4   |    12|
|11    |        I_Q0    |FTCE_MXILINX_clkcntrl4_22 |     2|
|12    |        I_Q1    |FTCE_MXILINX_clkcntrl4_23 |     2|
|13    |        I_Q2    |FTCE_MXILINX_clkcntrl4_24 |     2|
|14    |        I_Q3    |FTCE_MXILINX_clkcntrl4_25 |     2|
|15    |      XLXI_38   |CB4CE_MXILINX_clkcntrl4_0 |    12|
|16    |        I_Q0    |FTCE_MXILINX_clkcntrl4_18 |     2|
|17    |        I_Q1    |FTCE_MXILINX_clkcntrl4_19 |     2|
|18    |        I_Q2    |FTCE_MXILINX_clkcntrl4_20 |     2|
|19    |        I_Q3    |FTCE_MXILINX_clkcntrl4_21 |     2|
|20    |      XLXI_39   |CB4CE_MXILINX_clkcntrl4_1 |    10|
|21    |        I_Q0    |FTCE_MXILINX_clkcntrl4_14 |     2|
|22    |        I_Q1    |FTCE_MXILINX_clkcntrl4_15 |     2|
|23    |        I_Q2    |FTCE_MXILINX_clkcntrl4_16 |     2|
|24    |        I_Q3    |FTCE_MXILINX_clkcntrl4_17 |     2|
|25    |      XLXI_40   |CB4CE_MXILINX_clkcntrl4_2 |    12|
|26    |        I_Q0    |FTCE_MXILINX_clkcntrl4_10 |     2|
|27    |        I_Q1    |FTCE_MXILINX_clkcntrl4_11 |     2|
|28    |        I_Q2    |FTCE_MXILINX_clkcntrl4_12 |     2|
|29    |        I_Q3    |FTCE_MXILINX_clkcntrl4_13 |     2|
|30    |      XLXI_44   |CB4CE_MXILINX_clkcntrl4_3 |     4|
|31    |        I_Q0    |FTCE_MXILINX_clkcntrl4_8  |     2|
|32    |        I_Q1    |FTCE_MXILINX_clkcntrl4_9  |     2|
|33    |      XLXI_45   |CB4CE_MXILINX_clkcntrl4_4 |    12|
|34    |        I_Q0    |FTCE_MXILINX_clkcntrl4    |     2|
|35    |        I_Q1    |FTCE_MXILINX_clkcntrl4_5  |     2|
|36    |        I_Q2    |FTCE_MXILINX_clkcntrl4_6  |     2|
|37    |        I_Q3    |FTCE_MXILINX_clkcntrl4_7  |     2|
|38    |  states        |state_machine_module      |    12|
|39    |  stores        |store_module              |     6|
|40    |  timeCount     |time_counter_module       |    22|
+------+----------------+--------------------------+------+
---------------------------------------------------------------------------------
Finished Writing Synthesis Report : Time (s): cpu = 00:00:31 ; elapsed = 00:00:35 . Memory (MB): peak = 910.316 ; gain = 368.492
---------------------------------------------------------------------------------
Synthesis finished with 0 errors, 0 critical warnings and 6 warnings.
Synthesis Optimization Runtime : Time (s): cpu = 00:00:22 ; elapsed = 00:00:32 . Memory (MB): peak = 910.316 ; gain = 222.078
Synthesis Optimization Complete : Time (s): cpu = 00:00:31 ; elapsed = 00:00:35 . Memory (MB): peak = 910.316 ; gain = 368.492
INFO: [Project 1-571] Translating synthesized netlist
INFO: [Netlist 29-17] Analyzing 45 Unisim elements for replacement
INFO: [Netlist 29-28] Unisim Transformation completed in 0 CPU seconds
INFO: [Project 1-570] Preparing netlist for logic optimization
INFO: [Opt 31-138] Pushed 0 inverter(s) to 0 load pin(s).
Netlist sorting complete. Time (s): cpu = 00:00:00 ; elapsed = 00:00:00.001 . Memory (MB): peak = 914.926 ; gain = 0.000
INFO: [Project 1-111] Unisim Transformation Summary:
  A total of 43 instances were transformed.
  AND2 => LUT2: 9 instances
  AND3 => LUT3: 6 instances
  AND4 => LUT4: 4 instances
  BUF => LUT1: 2 instances
  XOR2 => LUT2: 22 instances

INFO: [Common 17-83] Releasing license: Synthesis
79 Infos, 55 Warnings, 0 Critical Warnings and 0 Errors encountered.
synth_design completed successfully
synth_design: Time (s): cpu = 00:00:36 ; elapsed = 00:00:43 . Memory (MB): peak = 914.926 ; gain = 618.285
Netlist sorting complete. Time (s): cpu = 00:00:00 ; elapsed = 00:00:00 . Memory (MB): peak = 914.926 ; gain = 0.000
WARNING: [Constraints 18-5210] No constraints selected for write.
Resolution: This message can indicate that there are no constraints for the design, or it can indicate that the used_in flags are set such that the constraints are ignored. This later case is used when running synth_design to not write synthesis constraints to the resulting checkpoint. Instead, project constraints are read when the synthesized design is opened.
INFO: [Common 17-1381] The checkpoint 'C:/Users/scott/Desktop/Fall_Quarter/CSE100/Labs/lab5/lab5.runs/synth_1/top_module.dcp' has been generated.
INFO: [runtcl-4] Executing : report_utilization -file top_module_utilization_synth.rpt -pb top_module_utilization_synth.pb
INFO: [Common 17-206] Exiting Vivado at Thu Nov 12 14:10:06 2020...
